==2930232== Memcheck, a memory error detector
==2930232== Copyright (C) 2002-2017, and GNU GPL'd, by Julian Seward et al.
==2930232== Using Valgrind-3.18.1 and LibVEX; rerun with -h for copyright info
==2930232== Command: ./minishell
==2930232== Parent PID: 2930047
==2930232== 
==2930288== 
==2930288== HEAP SUMMARY:
==2930288==     in use at exit: 213,613 bytes in 494 blocks
==2930288==   total heap usage: 1,023 allocs, 529 frees, 240,678 bytes allocated
==2930288== 
==2930288== LEAK SUMMARY:
==2930288==    definitely lost: 0 bytes in 0 blocks
==2930288==    indirectly lost: 0 bytes in 0 blocks
==2930288==      possibly lost: 0 bytes in 0 blocks
==2930288==    still reachable: 213,613 bytes in 494 blocks
==2930288==         suppressed: 0 bytes in 0 blocks
==2930288== Reachable blocks (those to which a pointer was found) are not shown.
==2930288== To see them, rerun with: --leak-check=full --show-leak-kinds=all
==2930288== 
==2930288== For lists of detected and suppressed errors, rerun with: -s
==2930288== ERROR SUMMARY: 0 errors from 0 contexts (suppressed: 0 from 0)
==2930232== 
==2930232== HEAP SUMMARY:
==2930232==     in use at exit: 208,328 bytes in 225 blocks
==2930232==   total heap usage: 1,056 allocs, 831 frees, 438,432 bytes allocated
==2930232== 
==2930232== LEAK SUMMARY:
==2930232==    definitely lost: 0 bytes in 0 blocks
==2930232==    indirectly lost: 0 bytes in 0 blocks
==2930232==      possibly lost: 0 bytes in 0 blocks
==2930232==    still reachable: 208,328 bytes in 225 blocks
==2930232==         suppressed: 0 bytes in 0 blocks
==2930232== Reachable blocks (those to which a pointer was found) are not shown.
==2930232== To see them, rerun with: --leak-check=full --show-leak-kinds=all
==2930232== 
==2930232== For lists of detected and suppressed errors, rerun with: -s
==2930232== ERROR SUMMARY: 0 errors from 0 contexts (suppressed: 0 from 0)
